2014/06/22 20:20:08 [error] [exception.CException] exception 'CException' with message 'SiteController cannot find the requested view "index.php".' in /Applications/MAMP/htdocs/Yii/framework/web/CController.php:878
Stack trace:
#0 /Applications/MAMP/htdocs/yopoint_2/protected/controllers/SiteController.php(123): CController->renderPartial('index.php', false, true)
#1 /Applications/MAMP/htdocs/Yii/framework/web/actions/CInlineAction.php(49): SiteController->actionGetContent()
#2 /Applications/MAMP/htdocs/Yii/framework/web/CController.php(308): CInlineAction->runWithParams(Array)
#3 /Applications/MAMP/htdocs/Yii/framework/web/CController.php(286): CController->runAction(Object(CInlineAction))
#4 /Applications/MAMP/htdocs/Yii/framework/web/CController.php(265): CController->runActionWithFilters(Object(CInlineAction), Array)
#5 /Applications/MAMP/htdocs/Yii/framework/web/CWebApplication.php(282): CController->run('GetContent')
#6 /Applications/MAMP/htdocs/Yii/framework/web/CWebApplication.php(141): CWebApplication->runController('site/GetContent')
#7 /Applications/MAMP/htdocs/Yii/framework/base/CApplication.php(180): CWebApplication->processRequest()
#8 /Applications/MAMP/htdocs/yopoint_2/index.php(13): CApplication->run()
#9 {main}
REQUEST_URI=/yopoint_2/index.php?r=site/GetContent
HTTP_REFERER=http://localhost:8888/yopoint_2/
---
2014/06/22 20:20:46 [error] [exception.CException] exception 'CException' with message 'SiteController cannot find the requested view "index.php".' in /Applications/MAMP/htdocs/Yii/framework/web/CController.php:878
Stack trace:
#0 /Applications/MAMP/htdocs/yopoint_2/protected/controllers/SiteController.php(123): CController->renderPartial('index.php', false, true)
#1 /Applications/MAMP/htdocs/Yii/framework/web/actions/CInlineAction.php(49): SiteController->actionGetContent()
#2 /Applications/MAMP/htdocs/Yii/framework/web/CController.php(308): CInlineAction->runWithParams(Array)
#3 /Applications/MAMP/htdocs/Yii/framework/web/CController.php(286): CController->runAction(Object(CInlineAction))
#4 /Applications/MAMP/htdocs/Yii/framework/web/CController.php(265): CController->runActionWithFilters(Object(CInlineAction), Array)
#5 /Applications/MAMP/htdocs/Yii/framework/web/CWebApplication.php(282): CController->run('GetContent')
#6 /Applications/MAMP/htdocs/Yii/framework/web/CWebApplication.php(141): CWebApplication->runController('site/GetContent')
#7 /Applications/MAMP/htdocs/Yii/framework/base/CApplication.php(180): CWebApplication->processRequest()
#8 /Applications/MAMP/htdocs/yopoint_2/index.php(13): CApplication->run()
#9 {main}
REQUEST_URI=/yopoint_2/index.php?r=site/GetContent
HTTP_REFERER=http://localhost:8888/yopoint_2/
---
2014/06/22 20:43:03 [error] [php] Use of undefined constant this - assumed 'this' (/Applications/MAMP/htdocs/yopoint_2/protected/controllers/SiteController.php:125)
Stack trace:
#0 /Applications/MAMP/htdocs/Yii/framework/web/CController.php(286): SiteController->runAction()
#1 /Applications/MAMP/htdocs/Yii/framework/web/CController.php(265): SiteController->runActionWithFilters()
#2 /Applications/MAMP/htdocs/Yii/framework/web/CWebApplication.php(282): SiteController->run()
#3 /Applications/MAMP/htdocs/Yii/framework/web/CWebApplication.php(141): CWebApplication->runController()
#4 /Applications/MAMP/htdocs/Yii/framework/base/CApplication.php(180): CWebApplication->processRequest()
#5 /Applications/MAMP/htdocs/yopoint_2/index.php(13): CWebApplication->run()
REQUEST_URI=/yopoint_2/index.php?r=site/GetContent
in /Applications/MAMP/htdocs/yopoint_2/protected/controllers/SiteController.php (125)
in /Applications/MAMP/htdocs/yopoint_2/index.php (13)
2014/06/22 20:43:51 [error] [exception.CException] exception 'CException' with message 'SiteController cannot find the requested view "index.php".' in /Applications/MAMP/htdocs/Yii/framework/web/CController.php:878
Stack trace:
#0 /Applications/MAMP/htdocs/yopoint_2/protected/controllers/SiteController.php(125): CController->renderPartial('index.php', 'prova', false)
#1 /Applications/MAMP/htdocs/Yii/framework/web/actions/CInlineAction.php(49): SiteController->actionGetContent()
#2 /Applications/MAMP/htdocs/Yii/framework/web/CController.php(308): CInlineAction->runWithParams(Array)
#3 /Applications/MAMP/htdocs/Yii/framework/web/CController.php(286): CController->runAction(Object(CInlineAction))
#4 /Applications/MAMP/htdocs/Yii/framework/web/CController.php(265): CController->runActionWithFilters(Object(CInlineAction), Array)
#5 /Applications/MAMP/htdocs/Yii/framework/web/CWebApplication.php(282): CController->run('GetContent')
#6 /Applications/MAMP/htdocs/Yii/framework/web/CWebApplication.php(141): CWebApplication->runController('site/GetContent')
#7 /Applications/MAMP/htdocs/Yii/framework/base/CApplication.php(180): CWebApplication->processRequest()
#8 /Applications/MAMP/htdocs/yopoint_2/index.php(13): CApplication->run()
#9 {main}
REQUEST_URI=/yopoint_2/index.php?r=site/GetContent
HTTP_REFERER=http://localhost:8888/yopoint_2/
---
2014/06/22 20:44:01 [error] [exception.CException] exception 'CException' with message 'SiteController cannot find the requested view "index.php".' in /Applications/MAMP/htdocs/Yii/framework/web/CController.php:878
Stack trace:
#0 /Applications/MAMP/htdocs/yopoint_2/protected/controllers/SiteController.php(125): CController->renderPartial('index.php', 'provaaaaaaa', false)
#1 /Applications/MAMP/htdocs/Yii/framework/web/actions/CInlineAction.php(49): SiteController->actionGetContent()
#2 /Applications/MAMP/htdocs/Yii/framework/web/CController.php(308): CInlineAction->runWithParams(Array)
#3 /Applications/MAMP/htdocs/Yii/framework/web/CController.php(286): CController->runAction(Object(CInlineAction))
#4 /Applications/MAMP/htdocs/Yii/framework/web/CController.php(265): CController->runActionWithFilters(Object(CInlineAction), Array)
#5 /Applications/MAMP/htdocs/Yii/framework/web/CWebApplication.php(282): CController->run('GetContent')
#6 /Applications/MAMP/htdocs/Yii/framework/web/CWebApplication.php(141): CWebApplication->runController('site/GetContent')
#7 /Applications/MAMP/htdocs/Yii/framework/base/CApplication.php(180): CWebApplication->processRequest()
#8 /Applications/MAMP/htdocs/yopoint_2/index.php(13): CApplication->run()
#9 {main}
REQUEST_URI=/yopoint_2/index.php?r=site/GetContent
HTTP_REFERER=http://localhost:8888/yopoint_2/
---
2014/06/22 20:44:17 [error] [exception.CException] exception 'CException' with message 'SiteController cannot find the requested view "index.php".' in /Applications/MAMP/htdocs/Yii/framework/web/CController.php:878
Stack trace:
#0 /Applications/MAMP/htdocs/yopoint_2/protected/controllers/SiteController.php(125): CController->renderPartial('index.php', 'provaaaaaaa', false)
#1 /Applications/MAMP/htdocs/Yii/framework/web/actions/CInlineAction.php(49): SiteController->actionGetContent()
#2 /Applications/MAMP/htdocs/Yii/framework/web/CController.php(308): CInlineAction->runWithParams(Array)
#3 /Applications/MAMP/htdocs/Yii/framework/web/CController.php(286): CController->runAction(Object(CInlineAction))
#4 /Applications/MAMP/htdocs/Yii/framework/web/CController.php(265): CController->runActionWithFilters(Object(CInlineAction), Array)
#5 /Applications/MAMP/htdocs/Yii/framework/web/CWebApplication.php(282): CController->run('GetContent')
#6 /Applications/MAMP/htdocs/Yii/framework/web/CWebApplication.php(141): CWebApplication->runController('site/GetContent')
#7 /Applications/MAMP/htdocs/Yii/framework/base/CApplication.php(180): CWebApplication->processRequest()
#8 /Applications/MAMP/htdocs/yopoint_2/index.php(13): CApplication->run()
#9 {main}
REQUEST_URI=/yopoint_2/index.php?r=site/GetContent
HTTP_REFERER=http://localhost:8888/yopoint_2/
---
2014/06/22 20:58:10 [error] [php] Trying to get property of non-object (/Applications/MAMP/htdocs/yopoint_2/protected/views/layouts/main.php:22)
Stack trace:
#0 /Applications/MAMP/htdocs/Yii/framework/web/widgets/CContentDecorator.php(76): SiteController->renderFile()
#1 /Applications/MAMP/htdocs/Yii/framework/web/widgets/CContentDecorator.php(54): CContentDecorator->decorate()
#2 /Applications/MAMP/htdocs/Yii/framework/web/widgets/COutputProcessor.php(44): CContentDecorator->processOutput()
#3 /Applications/MAMP/htdocs/Yii/framework/web/CBaseController.php(206): CContentDecorator->run()
#4 /Applications/MAMP/htdocs/Yii/framework/web/CBaseController.php(300): SiteController->endWidget()
#5 /Applications/MAMP/htdocs/yopoint_2/protected/views/layouts/column1.php(6): SiteController->endContent()
#6 /Applications/MAMP/htdocs/Yii/framework/web/CBaseController.php(126): require()
#7 /Applications/MAMP/htdocs/Yii/framework/web/CBaseController.php(95): SiteController->renderInternal()
#8 /Applications/MAMP/htdocs/Yii/framework/web/CController.php(784): SiteController->renderFile()
#9 /Applications/MAMP/htdocs/yopoint_2/protected/controllers/SiteController.php(41): SiteController->render()
#10 /Applications/MAMP/htdocs/Yii/framework/web/actions/CInlineAction.php(49): SiteController->actionIndex()
#11 /Applications/MAMP/htdocs/Yii/framework/web/CController.php(308): CInlineAction->runWithParams()
#12 /Applications/MAMP/htdocs/Yii/framework/web/CController.php(286): SiteController->runAction()
#13 /Applications/MAMP/htdocs/Yii/framework/web/CController.php(265): SiteController->runActionWithFilters()
#14 /Applications/MAMP/htdocs/Yii/framework/web/CWebApplication.php(282): SiteController->run()
#15 /Applications/MAMP/htdocs/Yii/framework/web/CWebApplication.php(141): CWebApplication->runController()
#16 /Applications/MAMP/htdocs/Yii/framework/base/CApplication.php(180): CWebApplication->processRequest()
#17 /Applications/MAMP/htdocs/yopoint_2/index.php(13): CWebApplication->run()
REQUEST_URI=/yopoint_2/
in /Applications/MAMP/htdocs/yopoint_2/protected/views/layouts/main.php (22)
in /Applications/MAMP/htdocs/yopoint_2/protected/views/layouts/column1.php (6)
in /Applications/MAMP/htdocs/yopoint_2/protected/controllers/SiteController.php (41)
2014/06/22 20:58:29 [error] [php] Trying to get property of non-object (/Applications/MAMP/htdocs/yopoint_2/protected/views/layouts/main.php:22)
Stack trace:
#0 /Applications/MAMP/htdocs/Yii/framework/web/widgets/CContentDecorator.php(76): SiteController->renderFile()
#1 /Applications/MAMP/htdocs/Yii/framework/web/widgets/CContentDecorator.php(54): CContentDecorator->decorate()
#2 /Applications/MAMP/htdocs/Yii/framework/web/widgets/COutputProcessor.php(44): CContentDecorator->processOutput()
#3 /Applications/MAMP/htdocs/Yii/framework/web/CBaseController.php(206): CContentDecorator->run()
#4 /Applications/MAMP/htdocs/Yii/framework/web/CBaseController.php(300): SiteController->endWidget()
#5 /Applications/MAMP/htdocs/yopoint_2/protected/views/layouts/column1.php(6): SiteController->endContent()
#6 /Applications/MAMP/htdocs/Yii/framework/web/CBaseController.php(126): require()
#7 /Applications/MAMP/htdocs/Yii/framework/web/CBaseController.php(95): SiteController->renderInternal()
#8 /Applications/MAMP/htdocs/Yii/framework/web/CController.php(784): SiteController->renderFile()
#9 /Applications/MAMP/htdocs/yopoint_2/protected/controllers/SiteController.php(41): SiteController->render()
#10 /Applications/MAMP/htdocs/Yii/framework/web/actions/CInlineAction.php(49): SiteController->actionIndex()
#11 /Applications/MAMP/htdocs/Yii/framework/web/CController.php(308): CInlineAction->runWithParams()
#12 /Applications/MAMP/htdocs/Yii/framework/web/CController.php(286): SiteController->runAction()
#13 /Applications/MAMP/htdocs/Yii/framework/web/CController.php(265): SiteController->runActionWithFilters()
#14 /Applications/MAMP/htdocs/Yii/framework/web/CWebApplication.php(282): SiteController->run()
#15 /Applications/MAMP/htdocs/Yii/framework/web/CWebApplication.php(141): CWebApplication->runController()
#16 /Applications/MAMP/htdocs/Yii/framework/base/CApplication.php(180): CWebApplication->processRequest()
#17 /Applications/MAMP/htdocs/yopoint_2/index.php(13): CWebApplication->run()
REQUEST_URI=/yopoint_2/
in /Applications/MAMP/htdocs/yopoint_2/protected/views/layouts/main.php (22)
in /Applications/MAMP/htdocs/yopoint_2/protected/views/layouts/column1.php (6)
in /Applications/MAMP/htdocs/yopoint_2/protected/controllers/SiteController.php (41)
